theryb@im2ag-hadoop-01:~$ hadoop jar MostUsedTagsPerCountryWithCombiner.jar MostUsedTagsPerCountryWithCombiner 5 /data/flickr.txt MostUsedTagsPerCountryWithCombiner-dir true
2020-01-12 15:55:14,219 WARN util.NativeCodeLoader: Unable to load native-hadoop library for your platform... using builtin-java classes where applicable
2020-01-12 15:55:14,907 INFO client.RMProxy: Connecting to ResourceManager at /152.77.81.30:8032
2020-01-12 15:55:15,309 INFO mapreduce.JobResourceUploader: Disabling Erasure Coding for path: /tmp/hadoop-yarn/staging/theryb/.staging/job_1578425459249_0019
2020-01-12 15:55:15,535 INFO input.FileInputFormat: Total input files to process : 1
2020-01-12 15:55:16,114 INFO mapreduce.JobSubmitter: number of splits:66
2020-01-12 15:55:16,276 INFO mapreduce.JobSubmitter: Submitting tokens for job: job_1578425459249_0019
2020-01-12 15:55:16,278 INFO mapreduce.JobSubmitter: Executing with tokens: []
2020-01-12 15:55:16,431 INFO conf.Configuration: resource-types.xml not found
2020-01-12 15:55:16,431 INFO resource.ResourceUtils: Unable to find 'resource-types.xml'.
2020-01-12 15:55:16,488 INFO impl.YarnClientImpl: Submitted application application_1578425459249_0019
2020-01-12 15:55:16,520 INFO mapreduce.Job: The url to track the job: http://im2ag-hadoop-01.u-ga.fr:8088/proxy/application_1578425459249_0019/
2020-01-12 15:55:16,520 INFO mapreduce.Job: Running job: job_1578425459249_0019
2020-01-12 15:55:22,638 INFO mapreduce.Job: Job job_1578425459249_0019 running in uber mode : false
2020-01-12 15:55:22,639 INFO mapreduce.Job:  map 0% reduce 0%
2020-01-12 15:55:40,862 INFO mapreduce.Job:  map 1% reduce 0%
2020-01-12 15:55:41,868 INFO mapreduce.Job:  map 5% reduce 0%
2020-01-12 15:55:42,886 INFO mapreduce.Job:  map 8% reduce 0%
2020-01-12 15:55:44,909 INFO mapreduce.Job:  map 11% reduce 0%
2020-01-12 15:55:59,030 INFO mapreduce.Job:  map 12% reduce 0%
2020-01-12 15:56:00,036 INFO mapreduce.Job:  map 13% reduce 0%
2020-01-12 15:56:01,043 INFO mapreduce.Job:  map 14% reduce 0%
2020-01-12 15:56:02,055 INFO mapreduce.Job:  map 15% reduce 0%
2020-01-12 15:56:04,070 INFO mapreduce.Job:  map 20% reduce 0%
2020-01-12 15:56:05,083 INFO mapreduce.Job:  map 21% reduce 0%
2020-01-12 15:56:17,173 INFO mapreduce.Job:  map 23% reduce 0%
2020-01-12 15:56:21,208 INFO mapreduce.Job:  map 24% reduce 0%
2020-01-12 15:56:22,218 INFO mapreduce.Job:  map 26% reduce 0%
2020-01-12 15:56:23,223 INFO mapreduce.Job:  map 27% reduce 0%
2020-01-12 15:56:24,234 INFO mapreduce.Job:  map 30% reduce 3%
2020-01-12 15:56:33,296 INFO mapreduce.Job:  map 32% reduce 3%
2020-01-12 15:56:36,309 INFO mapreduce.Job:  map 32% reduce 4%
2020-01-12 15:56:39,329 INFO mapreduce.Job:  map 34% reduce 4%
2020-01-12 15:56:40,333 INFO mapreduce.Job:  map 35% reduce 4%
2020-01-12 15:56:41,342 INFO mapreduce.Job:  map 36% reduce 4%
2020-01-12 15:56:42,350 INFO mapreduce.Job:  map 38% reduce 4%
2020-01-12 15:56:44,357 INFO mapreduce.Job:  map 38% reduce 8%
2020-01-12 15:56:46,367 INFO mapreduce.Job:  map 39% reduce 8%
2020-01-12 15:56:48,386 INFO mapreduce.Job:  map 39% reduce 9%
2020-01-12 15:56:57,431 INFO mapreduce.Job:  map 41% reduce 9%
2020-01-12 15:56:58,436 INFO mapreduce.Job:  map 42% reduce 9%
2020-01-12 15:57:00,443 INFO mapreduce.Job:  map 45% reduce 14%
2020-01-12 15:57:05,475 INFO mapreduce.Job:  map 45% reduce 15%
2020-01-12 15:57:10,495 INFO mapreduce.Job:  map 47% reduce 15%
2020-01-12 15:57:13,505 INFO mapreduce.Job:  map 48% reduce 15%
2020-01-12 15:57:14,509 INFO mapreduce.Job:  map 48% reduce 16%
2020-01-12 15:57:17,525 INFO mapreduce.Job:  map 49% reduce 16%
2020-01-12 15:57:18,536 INFO mapreduce.Job:  map 50% reduce 16%
2020-01-12 15:57:19,540 INFO mapreduce.Job:  map 52% reduce 16%
2020-01-12 15:57:22,556 INFO mapreduce.Job:  map 53% reduce 16%
2020-01-12 15:57:23,560 INFO mapreduce.Job:  map 53% reduce 17%
2020-01-12 15:57:26,579 INFO mapreduce.Job:  map 53% reduce 18%
2020-01-12 15:57:29,590 INFO mapreduce.Job:  map 55% reduce 18%
2020-01-12 15:57:34,608 INFO mapreduce.Job:  map 56% reduce 18%
2020-01-12 15:57:35,612 INFO mapreduce.Job:  map 58% reduce 18%
2020-01-12 15:57:36,615 INFO mapreduce.Job:  map 58% reduce 19%
2020-01-12 15:57:37,619 INFO mapreduce.Job:  map 59% reduce 19%
2020-01-12 15:57:41,642 INFO mapreduce.Job:  map 59% reduce 20%
2020-01-12 15:57:45,655 INFO mapreduce.Job:  map 62% reduce 20%
2020-01-12 15:57:50,683 INFO mapreduce.Job:  map 62% reduce 21%
2020-01-12 15:57:52,689 INFO mapreduce.Job:  map 63% reduce 21%
2020-01-12 15:57:53,696 INFO mapreduce.Job:  map 64% reduce 21%
2020-01-12 15:57:55,707 INFO mapreduce.Job:  map 65% reduce 21%
2020-01-12 15:57:58,723 INFO mapreduce.Job:  map 67% reduce 21%
2020-01-12 15:57:59,728 INFO mapreduce.Job:  map 67% reduce 22%
2020-01-12 15:58:00,731 INFO mapreduce.Job:  map 68% reduce 22%
2020-01-12 15:58:05,751 INFO mapreduce.Job:  map 68% reduce 23%
2020-01-12 15:58:10,773 INFO mapreduce.Job:  map 71% reduce 23%
2020-01-12 15:58:12,779 INFO mapreduce.Job:  map 73% reduce 23%
2020-01-12 15:58:14,785 INFO mapreduce.Job:  map 73% reduce 24%
2020-01-12 15:58:16,791 INFO mapreduce.Job:  map 74% reduce 24%
2020-01-12 15:58:18,796 INFO mapreduce.Job:  map 74% reduce 25%
2020-01-12 15:58:21,806 INFO mapreduce.Job:  map 76% reduce 25%
2020-01-12 15:58:30,848 INFO mapreduce.Job:  map 77% reduce 25%
2020-01-12 15:58:32,855 INFO mapreduce.Job:  map 79% reduce 25%
2020-01-12 15:58:33,860 INFO mapreduce.Job:  map 80% reduce 25%
2020-01-12 15:58:35,871 INFO mapreduce.Job:  map 80% reduce 26%
2020-01-12 15:58:37,881 INFO mapreduce.Job:  map 82% reduce 26%
2020-01-12 15:58:38,895 INFO mapreduce.Job:  map 82% reduce 27%
2020-01-12 15:58:45,923 INFO mapreduce.Job:  map 83% reduce 27%
2020-01-12 15:58:48,932 INFO mapreduce.Job:  map 85% reduce 28%
2020-01-12 15:58:53,954 INFO mapreduce.Job:  map 86% reduce 28%
2020-01-12 15:58:57,971 INFO mapreduce.Job:  map 89% reduce 28%
2020-01-12 15:58:59,978 INFO mapreduce.Job:  map 89% reduce 29%
2020-01-12 15:59:02,001 INFO mapreduce.Job:  map 89% reduce 30%
2020-01-12 15:59:03,004 INFO mapreduce.Job:  map 91% reduce 30%
2020-01-12 15:59:09,024 INFO mapreduce.Job:  map 92% reduce 30%
2020-01-12 15:59:13,035 INFO mapreduce.Job:  map 92% reduce 31%
2020-01-12 15:59:16,053 INFO mapreduce.Job:  map 94% reduce 31%
2020-01-12 15:59:17,055 INFO mapreduce.Job:  map 95% reduce 31%
2020-01-12 15:59:20,063 INFO mapreduce.Job:  map 95% reduce 32%
2020-01-12 15:59:21,071 INFO mapreduce.Job:  map 97% reduce 32%
2020-01-12 15:59:22,075 INFO mapreduce.Job:  map 98% reduce 32%
2020-01-12 15:59:26,085 INFO mapreduce.Job:  map 98% reduce 33%
2020-01-12 15:59:31,098 INFO mapreduce.Job:  map 100% reduce 33%
2020-01-12 15:59:32,100 INFO mapreduce.Job:  map 100% reduce 35%
2020-01-12 15:59:34,109 INFO mapreduce.Job:  map 100% reduce 57%
2020-01-12 15:59:36,116 INFO mapreduce.Job:  map 100% reduce 75%
2020-01-12 15:59:38,122 INFO mapreduce.Job:  map 100% reduce 84%
2020-01-12 15:59:40,131 INFO mapreduce.Job:  map 100% reduce 90%
2020-01-12 15:59:44,140 INFO mapreduce.Job:  map 100% reduce 93%
2020-01-12 15:59:50,154 INFO mapreduce.Job:  map 100% reduce 96%
2020-01-12 15:59:56,169 INFO mapreduce.Job:  map 100% reduce 100%
2020-01-12 15:59:59,180 INFO mapreduce.Job: Job job_1578425459249_0019 completed successfully
2020-01-12 15:59:59,278 INFO mapreduce.Job: Counters: 58
	File System Counters
		FILE: Number of bytes read=629570127
		FILE: Number of bytes written=1274125205
		FILE: Number of read operations=0
		FILE: Number of large read operations=0
		FILE: Number of write operations=0
		HDFS: Number of bytes read=8836343886
		HDFS: Number of bytes written=19401
		HDFS: Number of read operations=213
		HDFS: Number of large read operations=0
		HDFS: Number of write operations=6
	Job Counters
		Killed map tasks=1
		Killed reduce tasks=1
		Launched map tasks=66
		Launched reduce tasks=4
		Data-local map tasks=59
		Rack-local map tasks=7
		Total time spent by all maps in occupied slots (ms)=1022233
		Total time spent by all reduces in occupied slots (ms)=596743
		Total time spent by all map tasks (ms)=1022233
		Total time spent by all reduce tasks (ms)=596743
		Total vcore-milliseconds taken by all map tasks=1022233
		Total vcore-milliseconds taken by all reduce tasks=596743
		Total megabyte-milliseconds taken by all map tasks=2044466000
		Total megabyte-milliseconds taken by all reduce tasks=1193486000
	Map-Reduce Framework
		Map input records=20000000
		Map output records=75074741
		Map output bytes=1684347245
		Map output materialized bytes=629571291
		Input split bytes=7656
		Combine input records=75074741
		Combine output records=24070020
		Reduce input groups=233
		Reduce shuffle bytes=629571291
		Reduce input records=24070020
		Reduce output records=233
		Spilled Records=48140040
		Shuffled Maps =198
		Failed Shuffles=0
		Merged Map outputs=198
		GC time elapsed (ms)=18119
		CPU time spent (ms)=909230
		Physical memory (bytes) snapshot=34795745280
		Virtual memory (bytes) snapshot=181624594432
		Total committed heap usage (bytes)=35788947456
		Peak Map Physical memory (bytes)=597180416
		Peak Map Virtual memory (bytes)=2638778368
		Peak Reduce Physical memory (bytes)=857485312
		Peak Reduce Virtual memory (bytes)=2653802496
	MostUsedTagsPerCountryWithCombiner$MostUsedTagsMapper$CounterType
		CountryNotFound=9866381
		PhotoWithNoTags=8033752
	Shuffle Errors
		BAD_ID=0
		CONNECTION=0
		IO_ERROR=0
		WRONG_LENGTH=0
		WRONG_MAP=0
		WRONG_REDUCE=0
	File Input Format Counters
		Bytes Read=8836336230
	File Output Format Counters
		Bytes Written=19401
