theryb@im2ag-hadoop-01:~$ hadoop jar MostUsedTagsPerCountryWithCombiner.jar MostUsedTagsPerCountryWithCombiner 5 /data/flickr.txt MostUsedTagsPerCountryWithCombiner-dir true
2020-01-12 15:39:16,849 WARN util.NativeCodeLoader: Unable to load native-hadoop library for your platform... using builtin-java classes where applicable
2020-01-12 15:39:17,555 INFO client.RMProxy: Connecting to ResourceManager at /152.77.81.30:8032
2020-01-12 15:39:17,944 INFO mapreduce.JobResourceUploader: Disabling Erasure Coding for path: /tmp/hadoop-yarn/staging/theryb/.staging/job_1578425459249_0017
2020-01-12 15:39:18,582 INFO input.FileInputFormat: Total input files to process : 1
2020-01-12 15:39:18,721 INFO mapreduce.JobSubmitter: number of splits:66
2020-01-12 15:39:18,937 INFO mapreduce.JobSubmitter: Submitting tokens for job: job_1578425459249_0017
2020-01-12 15:39:18,939 INFO mapreduce.JobSubmitter: Executing with tokens: []
2020-01-12 15:39:19,156 INFO conf.Configuration: resource-types.xml not found
2020-01-12 15:39:19,156 INFO resource.ResourceUtils: Unable to find 'resource-types.xml'.
2020-01-12 15:39:19,211 INFO impl.YarnClientImpl: Submitted application application_1578425459249_0017
2020-01-12 15:39:19,244 INFO mapreduce.Job: The url to track the job: http://im2ag-hadoop-01.u-ga.fr:8088/proxy/application_1578425459249_0017/
2020-01-12 15:39:19,244 INFO mapreduce.Job: Running job: job_1578425459249_0017
2020-01-12 15:39:25,327 INFO mapreduce.Job: Job job_1578425459249_0017 running in uber mode : false
2020-01-12 15:39:25,328 INFO mapreduce.Job:  map 0% reduce 0%
2020-01-12 15:39:42,538 INFO mapreduce.Job:  map 1% reduce 0%
2020-01-12 15:39:44,561 INFO mapreduce.Job:  map 8% reduce 0%
2020-01-12 15:39:45,567 INFO mapreduce.Job:  map 9% reduce 0%
2020-01-12 15:39:46,578 INFO mapreduce.Job:  map 11% reduce 0%
2020-01-12 15:39:58,708 INFO mapreduce.Job:  map 12% reduce 0%
2020-01-12 15:40:02,749 INFO mapreduce.Job:  map 14% reduce 0%
2020-01-12 15:40:04,774 INFO mapreduce.Job:  map 17% reduce 0%
2020-01-12 15:40:05,780 INFO mapreduce.Job:  map 20% reduce 0%
2020-01-12 15:40:06,789 INFO mapreduce.Job:  map 21% reduce 0%
2020-01-12 15:40:14,845 INFO mapreduce.Job:  map 22% reduce 0%
2020-01-12 15:40:15,852 INFO mapreduce.Job:  map 23% reduce 0%
2020-01-12 15:40:22,910 INFO mapreduce.Job:  map 25% reduce 0%
2020-01-12 15:40:23,916 INFO mapreduce.Job:  map 28% reduce 0%
2020-01-12 15:40:24,928 INFO mapreduce.Job:  map 30% reduce 0%
2020-01-12 15:40:25,935 INFO mapreduce.Job:  map 31% reduce 0%
2020-01-12 15:40:26,942 INFO mapreduce.Job:  map 32% reduce 0%
2020-01-12 15:40:32,979 INFO mapreduce.Job:  map 32% reduce 11%
2020-01-12 15:40:40,026 INFO mapreduce.Job:  map 34% reduce 11%
2020-01-12 15:40:41,030 INFO mapreduce.Job:  map 36% reduce 11%
2020-01-12 15:40:44,054 INFO mapreduce.Job:  map 40% reduce 11%
2020-01-12 15:40:45,062 INFO mapreduce.Job:  map 40% reduce 13%
2020-01-12 15:40:47,079 INFO mapreduce.Job:  map 41% reduce 13%
2020-01-12 15:40:51,096 INFO mapreduce.Job:  map 41% reduce 14%
2020-01-12 15:40:56,119 INFO mapreduce.Job:  map 42% reduce 14%
2020-01-12 15:40:57,125 INFO mapreduce.Job:  map 44% reduce 14%
2020-01-12 15:41:00,137 INFO mapreduce.Job:  map 45% reduce 14%
2020-01-12 15:41:01,146 INFO mapreduce.Job:  map 46% reduce 14%
2020-01-12 15:41:03,161 INFO mapreduce.Job:  map 46% reduce 15%
2020-01-12 15:41:04,168 INFO mapreduce.Job:  map 48% reduce 15%
2020-01-12 15:41:05,174 INFO mapreduce.Job:  map 49% reduce 15%
2020-01-12 15:41:06,179 INFO mapreduce.Job:  map 50% reduce 15%
2020-01-12 15:41:09,197 INFO mapreduce.Job:  map 50% reduce 17%
2020-01-12 15:41:12,211 INFO mapreduce.Job:  map 52% reduce 17%
2020-01-12 15:41:13,219 INFO mapreduce.Job:  map 53% reduce 17%
2020-01-12 15:41:15,227 INFO mapreduce.Job:  map 53% reduce 18%
2020-01-12 15:41:18,238 INFO mapreduce.Job:  map 54% reduce 18%
2020-01-12 15:41:19,242 INFO mapreduce.Job:  map 55% reduce 18%
2020-01-12 15:41:21,250 INFO mapreduce.Job:  map 56% reduce 18%
2020-01-12 15:41:23,262 INFO mapreduce.Job:  map 58% reduce 18%
2020-01-12 15:41:24,270 INFO mapreduce.Job:  map 59% reduce 18%
2020-01-12 15:41:27,294 INFO mapreduce.Job:  map 59% reduce 20%
2020-01-12 15:41:30,306 INFO mapreduce.Job:  map 62% reduce 20%
2020-01-12 15:41:33,324 INFO mapreduce.Job:  map 62% reduce 21%
2020-01-12 15:41:35,343 INFO mapreduce.Job:  map 63% reduce 21%
2020-01-12 15:41:37,352 INFO mapreduce.Job:  map 64% reduce 21%
2020-01-12 15:41:39,371 INFO mapreduce.Job:  map 65% reduce 21%
2020-01-12 15:41:40,391 INFO mapreduce.Job:  map 66% reduce 21%
2020-01-12 15:41:41,396 INFO mapreduce.Job:  map 67% reduce 21%
2020-01-12 15:41:44,409 INFO mapreduce.Job:  map 68% reduce 21%
2020-01-12 15:41:45,413 INFO mapreduce.Job:  map 70% reduce 22%
2020-01-12 15:41:46,418 INFO mapreduce.Job:  map 71% reduce 22%
2020-01-12 15:41:51,436 INFO mapreduce.Job:  map 71% reduce 24%
2020-01-12 15:41:55,464 INFO mapreduce.Job:  map 72% reduce 24%
2020-01-12 15:41:56,469 INFO mapreduce.Job:  map 73% reduce 24%
2020-01-12 15:41:57,473 INFO mapreduce.Job:  map 74% reduce 24%
2020-01-12 15:41:58,477 INFO mapreduce.Job:  map 75% reduce 24%
2020-01-12 15:42:01,489 INFO mapreduce.Job:  map 77% reduce 24%
2020-01-12 15:42:02,495 INFO mapreduce.Job:  map 79% reduce 24%
2020-01-12 15:42:03,499 INFO mapreduce.Job:  map 80% reduce 26%
2020-01-12 15:42:09,526 INFO mapreduce.Job:  map 80% reduce 27%
2020-01-12 15:42:12,537 INFO mapreduce.Job:  map 81% reduce 27%
2020-01-12 15:42:13,541 INFO mapreduce.Job:  map 82% reduce 27%
2020-01-12 15:42:17,554 INFO mapreduce.Job:  map 86% reduce 27%
2020-01-12 15:42:19,561 INFO mapreduce.Job:  map 87% reduce 27%
2020-01-12 15:42:20,565 INFO mapreduce.Job:  map 89% reduce 27%
2020-01-12 15:42:21,569 INFO mapreduce.Job:  map 89% reduce 29%
2020-01-12 15:42:27,593 INFO mapreduce.Job:  map 89% reduce 30%
2020-01-12 15:42:31,620 INFO mapreduce.Job:  map 91% reduce 30%
2020-01-12 15:42:32,624 INFO mapreduce.Job:  map 92% reduce 30%
2020-01-12 15:42:36,655 INFO mapreduce.Job:  map 94% reduce 30%
2020-01-12 15:42:37,662 INFO mapreduce.Job:  map 95% reduce 30%
2020-01-12 15:42:39,669 INFO mapreduce.Job:  map 96% reduce 32%
2020-01-12 15:42:40,674 INFO mapreduce.Job:  map 97% reduce 32%
2020-01-12 15:42:41,678 INFO mapreduce.Job:  map 98% reduce 32%
2020-01-12 15:42:44,686 INFO mapreduce.Job:  map 100% reduce 32%
2020-01-12 15:42:45,689 INFO mapreduce.Job:  map 100% reduce 38%
2020-01-12 15:42:51,704 INFO mapreduce.Job:  map 100% reduce 68%
2020-01-12 15:42:57,719 INFO mapreduce.Job:  map 100% reduce 77%
2020-01-12 15:43:03,741 INFO mapreduce.Job:  map 100% reduce 85%
2020-01-12 15:43:09,757 INFO mapreduce.Job:  map 100% reduce 95%
2020-01-12 15:43:13,768 INFO mapreduce.Job:  map 100% reduce 100%
2020-01-12 15:43:14,775 INFO mapreduce.Job: Job job_1578425459249_0017 completed successfully
2020-01-12 15:43:14,868 INFO mapreduce.Job: Counters: 57
	File System Counters
		FILE: Number of bytes read=629570115
		FILE: Number of bytes written=1273687253
		FILE: Number of read operations=0
		FILE: Number of large read operations=0
		FILE: Number of write operations=0
		HDFS: Number of bytes read=8836343886
		HDFS: Number of bytes written=19418
		HDFS: Number of read operations=203
		HDFS: Number of large read operations=0
		HDFS: Number of write operations=2
	Job Counters
		Killed map tasks=1
		Launched map tasks=66
		Launched reduce tasks=1
		Data-local map tasks=62
		Rack-local map tasks=4
		Total time spent by all maps in occupied slots (ms)=1123693
		Total time spent by all reduces in occupied slots (ms)=176414
		Total time spent by all map tasks (ms)=1123693
		Total time spent by all reduce tasks (ms)=176414
		Total vcore-milliseconds taken by all map tasks=1123693
		Total vcore-milliseconds taken by all reduce tasks=176414
		Total megabyte-milliseconds taken by all map tasks=2247386000
		Total megabyte-milliseconds taken by all reduce tasks=352828000
	Map-Reduce Framework
		Map input records=20000000
		Map output records=75074741
		Map output bytes=1684347245
		Map output materialized bytes=629570499
		Input split bytes=7656
		Combine input records=75074741
		Combine output records=24070020
		Reduce input groups=233
		Reduce shuffle bytes=629570499
		Reduce input records=24070020
		Reduce output records=233
		Spilled Records=48140040
		Shuffled Maps =66
		Failed Shuffles=0
		Merged Map outputs=66
		GC time elapsed (ms)=19801
		CPU time spent (ms)=884370
		Physical memory (bytes) snapshot=33827983360
		Virtual memory (bytes) snapshot=176324558848
		Total committed heap usage (bytes)=34199830528
		Peak Map Physical memory (bytes)=595324928
		Peak Map Virtual memory (bytes)=2637664256
		Peak Reduce Physical memory (bytes)=884432896
		Peak Reduce Virtual memory (bytes)=2651000832
	MostUsedTagsPerCountryWithCombiner$MostUsedTagsMapper$CounterType
		CountryNotFound=9866381
		PhotoWithNoTags=8033752
	Shuffle Errors
		BAD_ID=0
		CONNECTION=0
		IO_ERROR=0
		WRONG_LENGTH=0
		WRONG_MAP=0
		WRONG_REDUCE=0
	File Input Format Counters
		Bytes Read=8836336230
	File Output Format Counters
		Bytes Written=19418
